<?xml version="1.0" encoding="UTF-8"?>
<!-- Generated by org.testng.reporters.JUnitReportReporter -->
<testsuite hostname="EC2AMAZ-EHR6SVV" failures="0" tests="1" name="com.notes.Create_Notes_Using_File_UsingBaseClass" time="1.029" errors="0" timestamp="2024-12-24T12:45:00 IST" skipped="0">
  <testcase classname="com.notes.Create_Notes_Using_File_UsingBaseClass" name="createNotes" time="1.029"/>
  <system-out/>
</testsuite> <!-- com.notes.Create_Notes_Using_File_UsingBaseClass -->
