<?xml version="1.0" encoding="UTF-8"?>
<!-- Generated by org.testng.reporters.JUnitReportReporter -->
<testsuite hostname="EC2AMAZ-EHR6SVV" failures="0" tests="3" name="com.notes.Create_Notes_All_TCs" time="1.708" errors="0" timestamp="2024-12-24T11:20:46 IST" skipped="0">
  <testcase classname="com.notes.Create_Notes_All_TCs" name="createNotes_TCS" time="0.764"/>
  <system-out/>
  <testcase classname="com.notes.Create_Notes_All_TCs" name="createNotes_TCS" time="0.500"/>
  <system-out/>
  <testcase classname="com.notes.Create_Notes_All_TCs" name="createNotes_TCS" time="0.444"/>
  <system-out/>
</testsuite> <!-- com.notes.Create_Notes_All_TCs -->
