<?xml version="1.0" encoding="UTF-8"?>
<!-- Generated by org.testng.reporters.JUnitReportReporter -->
<testsuite hostname="EC2AMAZ-EHR6SVV" failures="0" tests="2" name="com.notes.Delete_Notes_Using_UI" time="15.652" errors="0" timestamp="2024-12-23T12:45:40 IST" skipped="0">
  <testcase classname="com.notes.Delete_Notes_Using_UI" name="createNotes" time="0.737"/>
  <system-out/>
  <testcase classname="com.notes.Delete_Notes_Using_UI" name="DeleteNotes" time="14.915"/>
  <system-out/>
</testsuite> <!-- com.notes.Delete_Notes_Using_UI -->
