<?xml version="1.0" encoding="UTF-8"?>
<!-- Generated by org.testng.reporters.JUnitReportReporter -->
<testsuite hostname="EC2AMAZ-EHR6SVV" failures="0" tests="1" name="com.notes.LogIn_CreateToken" time="0.535" errors="0" timestamp="2024-12-23T12:45:40 IST" skipped="0">
  <testcase classname="com.notes.LogIn_CreateToken" name="getToken" time="0.535"/>
  <system-out/>
</testsuite> <!-- com.notes.LogIn_CreateToken -->
