<?xml version="1.0" encoding="UTF-8"?>
<!-- Generated by org.testng.reporters.JUnitReportReporter -->
<testsuite hostname="EC2AMAZ-EHR6SVV" failures="0" tests="3" name="com.notes.Create_Notes_ExtentReports" time="1.523" errors="0" timestamp="2024-12-23T10:50:55 IST" skipped="0">
  <testcase classname="com.notes.Create_Notes_ExtentReports" name="createNote" time="0.549"/>
  <system-out/>
  <testcase classname="com.notes.Create_Notes_ExtentReports" name="updateNote" time="0.511"/>
  <system-out/>
  <testcase classname="com.notes.Create_Notes_ExtentReports" name="deleteNotes" time="0.463"/>
  <system-out/>
</testsuite> <!-- com.notes.Create_Notes_ExtentReports -->
