<?xml version="1.0" encoding="UTF-8"?>
<!-- Generated by org.testng.reporters.JUnitReportReporter -->
<testsuite hostname="EC2AMAZ-EHR6SVV" failures="0" tests="1" name="com.notes.GET_Soap_Request" time="1.079" errors="0" timestamp="2024-12-24T12:45:00 IST" skipped="0">
  <testcase classname="com.notes.GET_Soap_Request" name="post_Add_Method" time="1.079"/>
  <system-out/>
</testsuite> <!-- com.notes.GET_Soap_Request -->
