<?xml version="1.0" encoding="UTF-8"?>
<!-- Generated by org.testng.reporters.JUnitReportReporter -->
<testsuite hostname="EC2AMAZ-EHR6SVV" failures="0" tests="4" name="com.notes.All_Soap_Request_Tcs" time="4.598" errors="0" timestamp="2024-12-24T10:00:03 IST" skipped="0">
  <testcase classname="com.notes.All_Soap_Request_Tcs" name="post_operation" time="0.593"/>
  <system-out/>
  <testcase classname="com.notes.All_Soap_Request_Tcs" name="post_operation" time="0.589"/>
  <system-out/>
  <testcase classname="com.notes.All_Soap_Request_Tcs" name="post_operation" time="2.813"/>
  <system-out/>
  <testcase classname="com.notes.All_Soap_Request_Tcs" name="post_operation" time="0.603"/>
  <system-out/>
</testsuite> <!-- com.notes.All_Soap_Request_Tcs -->
