<?xml version="1.0" encoding="UTF-8"?>
<!-- Generated by org.testng.reporters.JUnitReportReporter -->
<testsuite hostname="EC2AMAZ-EHR6SVV" failures="0" tests="1" name="com.notes.Create_Notes_Using_File" time="0.837" errors="0" timestamp="2024-12-23T12:45:40 IST" skipped="0">
  <testcase classname="com.notes.Create_Notes_Using_File" name="createNotes" time="0.837"/>
  <system-out/>
</testsuite> <!-- com.notes.Create_Notes_Using_File -->
