<?xml version="1.0" encoding="UTF-8"?>
<!-- Generated by org.testng.reporters.JUnitReportReporter -->
<testsuite hostname="EC2AMAZ-EHR6SVV" failures="0" tests="1" name="com.Countries.RetriveCountry" time="2.386" errors="0" timestamp="2024-12-19T11:45:18 IST" skipped="0">
  <testcase classname="com.Countries.RetriveCountry" name="getDefaultCountry" time="2.386"/>
  <system-out/>
</testsuite> <!-- com.Countries.RetriveCountry -->
