<?xml version="1.0" encoding="UTF-8"?>
<!-- Generated by org.testng.reporters.JUnitReportReporter -->
<testsuite hostname="EC2AMAZ-EHR6SVV" failures="0" tests="1" name="com.notes.CreateNotesCallingBAseClass" time="0.714" errors="0" timestamp="2024-12-24T11:20:46 IST" skipped="0">
  <testcase classname="com.notes.CreateNotesCallingBAseClass" name="createNotes" time="0.714"/>
  <system-out/>
</testsuite> <!-- com.notes.CreateNotesCallingBAseClass -->
