<?xml version="1.0" encoding="UTF-8"?>
<!-- Generated by org.testng.reporters.JUnitReportReporter -->
<testsuite hostname="EC2AMAZ-EHR6SVV" failures="0" tests="1" name="com.Countries.DefaultCountry" time="3.525" errors="0" timestamp="2024-12-19T23:09:41 IST" skipped="0">
  <testcase classname="com.Countries.DefaultCountry" name="getDefaultCountry" time="3.525"/>
  <system-out/>
</testsuite> <!-- com.Countries.DefaultCountry -->
