<?xml version="1.0" encoding="UTF-8"?>
<!-- Generated by org.testng.reporters.JUnitReportReporter -->
<testsuite hostname="EC2AMAZ-EHR6SVV" failures="0" tests="5" name="com.notes.Create_Notes_All_Negative_TCs2" time="1.883" errors="0" timestamp="2024-12-23T12:30:31 IST" skipped="0">
  <testcase classname="com.notes.Create_Notes_All_Negative_TCs2" name="createNotes_TCS" time="0.373"/>
  <system-out/>
  <testcase classname="com.notes.Create_Notes_All_Negative_TCs2" name="createNotes_TCS" time="0.375"/>
  <system-out/>
  <testcase classname="com.notes.Create_Notes_All_Negative_TCs2" name="createNotes_TCS" time="0.369"/>
  <system-out/>
  <testcase classname="com.notes.Create_Notes_All_Negative_TCs2" name="createNotes_TCS" time="0.403"/>
  <system-out/>
  <testcase classname="com.notes.Create_Notes_All_Negative_TCs2" name="createNotes_TCS" time="0.363"/>
  <system-out/>
</testsuite> <!-- com.notes.Create_Notes_All_Negative_TCs2 -->
