<?xml version="1.0" encoding="UTF-8"?>
<!-- Generated by org.testng.reporters.JUnitReportReporter -->
<testsuite hostname="EC2AMAZ-EHR6SVV" failures="0" tests="3" name="com.notes.Create_Notes_All_TCs" time="1.548" errors="0" timestamp="2024-12-23T12:45:40 IST" skipped="0">
  <testcase classname="com.notes.Create_Notes_All_TCs" name="createNotes_TCS" time="0.624"/>
  <system-out/>
  <testcase classname="com.notes.Create_Notes_All_TCs" name="createNotes_TCS" time="0.441"/>
  <system-out/>
  <testcase classname="com.notes.Create_Notes_All_TCs" name="createNotes_TCS" time="0.483"/>
  <system-out/>
</testsuite> <!-- com.notes.Create_Notes_All_TCs -->
