<?xml version="1.0" encoding="UTF-8"?>
<!-- Generated by org.testng.reporters.JUnitReportReporter -->
<testsuite hostname="EC2AMAZ-EHR6SVV" failures="0" tests="2" name="com.notes.DeleteNotes" time="1.090" errors="0" timestamp="2024-12-23T12:45:40 IST" skipped="0">
  <testcase classname="com.notes.DeleteNotes" name="createNote" time="0.639"/>
  <system-out/>
  <testcase classname="com.notes.DeleteNotes" name="deleteNotes" time="0.451"/>
  <system-out/>
</testsuite> <!-- com.notes.DeleteNotes -->
