<?xml version="1.0" encoding="UTF-8"?>
<!-- Generated by org.testng.reporters.JUnitReportReporter -->
<testsuite hostname="EC2AMAZ-EHR6SVV" failures="0" tests="1" name="com.notes.RetriveCountry_UsingJsonPath" time="2.954" errors="0" timestamp="2024-12-19T11:55:00 IST" skipped="0">
  <testcase classname="com.notes.RetriveCountry_UsingJsonPath" name="getDefaultCountry" time="2.954"/>
  <system-out/>
</testsuite> <!-- com.notes.RetriveCountry_UsingJsonPath -->
