<?xml version="1.0" encoding="UTF-8"?>
<!-- Generated by org.testng.reporters.JUnitReportReporter -->
<testsuite hostname="EC2AMAZ-EHR6SVV" failures="0" tests="2" name="com.notes.UpdateNotes" time="1.050" errors="0" timestamp="2024-12-24T12:45:00 IST" skipped="0">
  <testcase classname="com.notes.UpdateNotes" name="createNote" time="0.545"/>
  <system-out/>
  <testcase classname="com.notes.UpdateNotes" name="updateNote" time="0.505"/>
  <system-out/>
</testsuite> <!-- com.notes.UpdateNotes -->
