<?xml version="1.0" encoding="UTF-8"?>
<!-- Generated by org.testng.reporters.JUnitReportReporter -->
<testsuite hostname="EC2AMAZ-EHR6SVV" failures="0" tests="2" name="com.notes.UpdateNotes" time="1.212" errors="0" timestamp="2024-12-24T11:20:46 IST" skipped="0">
  <testcase classname="com.notes.UpdateNotes" name="createNote" time="0.720"/>
  <system-out/>
  <testcase classname="com.notes.UpdateNotes" name="updateNote" time="0.492"/>
  <system-out/>
</testsuite> <!-- com.notes.UpdateNotes -->
