<?xml version="1.0" encoding="UTF-8"?>
<!-- Generated by org.testng.reporters.JUnitReportReporter -->
<testsuite hostname="EC2AMAZ-EHR6SVV" failures="0" tests="5" name="com.notes.LogIn_Negative_TCs" time="2.218" errors="0" timestamp="2024-12-24T12:03:56 IST" skipped="0">
  <testcase classname="com.notes.LogIn_Negative_TCs" name="loginAsExistingUser_TCS" time="0.859"/>
  <testcase classname="com.notes.LogIn_Negative_TCs" name="loginAsExistingUser_TCS" time="0.339"/>
  <testcase classname="com.notes.LogIn_Negative_TCs" name="loginAsExistingUser_TCS" time="0.334"/>
  <testcase classname="com.notes.LogIn_Negative_TCs" name="loginAsExistingUser_TCS" time="0.335"/>
  <testcase classname="com.notes.LogIn_Negative_TCs" name="loginAsExistingUser_TCS" time="0.351"/>
</testsuite> <!-- com.notes.LogIn_Negative_TCs -->
