<?xml version="1.0" encoding="UTF-8"?>
<!-- Generated by org.testng.reporters.JUnitReportReporter -->
<testsuite hostname="EC2AMAZ-EHR6SVV" failures="0" tests="5" name="com.notes.LogIn_Negative_TCs" time="2.156" errors="0" timestamp="2024-12-24T12:48:00 IST" skipped="0">
  <testcase classname="com.notes.LogIn_Negative_TCs" name="loginAsExistingUser_TCS" time="0.352"/>
  <testcase classname="com.notes.LogIn_Negative_TCs" name="loginAsExistingUser_TCS" time="0.336"/>
  <testcase classname="com.notes.LogIn_Negative_TCs" name="loginAsExistingUser_TCS" time="0.776"/>
  <testcase classname="com.notes.LogIn_Negative_TCs" name="loginAsExistingUser_TCS" time="0.347"/>
  <testcase classname="com.notes.LogIn_Negative_TCs" name="loginAsExistingUser_TCS" time="0.345"/>
</testsuite> <!-- com.notes.LogIn_Negative_TCs -->
