<?xml version="1.0" encoding="UTF-8"?>
<!-- Generated by org.testng.reporters.JUnitReportReporter -->
<testsuite hostname="EC2AMAZ-EHR6SVV" failures="0" tests="2" name="com.notes.DeleteNotes" time="1.374" errors="0" timestamp="2024-12-24T12:03:56 IST" skipped="0">
  <testcase classname="com.notes.DeleteNotes" name="createNote" time="0.886"/>
  <testcase classname="com.notes.DeleteNotes" name="deleteNotes" time="0.488"/>
</testsuite> <!-- com.notes.DeleteNotes -->
