<?xml version="1.0" encoding="UTF-8"?>
<!-- Generated by org.testng.reporters.JUnitReportReporter -->
<testsuite hostname="EC2AMAZ-EHR6SVV" failures="0" tests="3" name="com.notes.Create_Notes_All_TCs" time="1.789" errors="0" timestamp="2024-12-24T12:03:56 IST" skipped="0">
  <testcase classname="com.notes.Create_Notes_All_TCs" name="createNotes_TCS" time="0.840"/>
  <testcase classname="com.notes.Create_Notes_All_TCs" name="createNotes_TCS" time="0.478"/>
  <testcase classname="com.notes.Create_Notes_All_TCs" name="createNotes_TCS" time="0.471"/>
</testsuite> <!-- com.notes.Create_Notes_All_TCs -->
