<?xml version="1.0" encoding="UTF-8"?>
<!-- Generated by org.testng.reporters.JUnitReportReporter -->
<testsuite hostname="EC2AMAZ-EHR6SVV" failures="0" tests="1" name="com.notes.CreateNotes" time="0.540" errors="0" timestamp="2024-12-24T12:48:00 IST" skipped="0">
  <testcase classname="com.notes.CreateNotes" name="createNote" time="0.540"/>
</testsuite> <!-- com.notes.CreateNotes -->
